<?xml version="1.0" encoding="UTF-8"?>
<testsuite xmlns:xsi="http://www.w3.org/2001/XMLSchema-instance" xsi:noNamespaceSchemaLocation="https://maven.apache.org/surefire/maven-surefire-plugin/xsd/surefire-test-report.xsd" version="3.0.2" name="yash.example.WatherAPI.WatherApiApplicationTests" time="0.031" tests="1" errors="0" skipped="0" failures="0">
  <properties>
[...]
</properties>
  <testcase name="contextLoads" classname="yash.example.WatherAPI.WatherApiApplicationTests" time="0.009">
    <system-out><![CDATA[2025-04-06T16:30:30.689+05:30  INFO 16588 --- [WatherAPI] [           main] t.c.s.AnnotationConfigContextLoaderUtils : Could not detect default configuration classes for test class [yash.example.WatherAPI.WatherApiApplicationTests]: WatherApiApplicationTests does not declare any static, non-private, non-final, nested classes annotated with @Configuration.
2025-04-06T16:30:30.700+05:30  INFO 16588 --- [WatherAPI] [           main] .b.t.c.SpringBootTestContextBootstrapper : Found @SpringBootConfiguration yash.example.WatherAPI.WatherApiApplication for test class yash.example.WatherAPI.WatherApiApplicationTests
]]></system-out>
  </testcase>
</testsuite>